{"level":"info","message":"Server listening on 8000","timestamp":"2026-03-28T14:54:16.058Z"}
{"level":"info","message":"Server listening on 8000","timestamp":"2026-03-28T17:09:12.355Z"}
{"level":"info","message":"Server listening on 8000","timestamp":"2026-03-28T17:11:49.554Z"}
{"level":"info","message":"Server listening on 8000","timestamp":"2026-03-28T17:14:08.598Z"}
{"level":"info","message":"Server listening on 8000","timestamp":"2026-03-28T17:14:58.611Z"}
{"level":"info","message":"Server listening on 8000","timestamp":"2026-03-28T17:15:31.896Z"}
{"level":"error","message":"error in create User Service Unknown database 'airport-backend'","name":"SequelizeConnectionError","original":{"code":"ER_BAD_DB_ERROR","errno":1049,"sqlMessage":"Unknown database 'airport-backend'","sqlState":"42000"},"parent":{"code":"ER_BAD_DB_ERROR","errno":1049,"sqlMessage":"Unknown database 'airport-backend'","sqlState":"42000"},"stack":"SequelizeConnectionError: Unknown database 'airport-backend'\n    at ConnectionManager.connect (D:\\Projects\\Airport-booking-backend\\node_modules\\sequelize\\lib\\dialects\\mysql\\connection-manager.js:102:17)\n    at process.processTicksAndRejections (node:internal/process/task_queues:95:5)\n    at async ConnectionManager._connect (D:\\Projects\\Airport-booking-backend\\node_modules\\sequelize\\lib\\dialects\\abstract\\connection-manager.js:222:24)\n    at async D:\\Projects\\Airport-booking-backend\\node_modules\\sequelize\\lib\\dialects\\abstract\\connection-manager.js:174:32\n    at async ConnectionManager.getConnection (D:\\Projects\\Airport-booking-backend\\node_modules\\sequelize\\lib\\dialects\\abstract\\connection-manager.js:197:7)\n    at async D:\\Projects\\Airport-booking-backend\\node_modules\\sequelize\\lib\\sequelize.js:305:26\n    at async MySQLQueryInterface.insert (D:\\Projects\\Airport-booking-backend\\node_modules\\sequelize\\lib\\dialects\\abstract\\query-interface.js:308:21)\n    at async User.save (D:\\Projects\\Airport-booking-backend\\node_modules\\sequelize\\lib\\model.js:2490:35)\n    at async User.create (D:\\Projects\\Airport-booking-backend\\node_modules\\sequelize\\lib\\model.js:1362:12)\n    at async UserRepository.create (D:\\Projects\\Airport-booking-backend\\src\\repositories\\crud-repository.js:7:26)","timestamp":"2026-03-28T17:15:34.305Z"}
{"level":"info","message":"Server listening on 8000","timestamp":"2026-03-28T17:17:25.226Z"}
{"level":"error","message":"error in create User Service Unknown database 'airport-backend'","name":"SequelizeConnectionError","original":{"code":"ER_BAD_DB_ERROR","errno":1049,"sqlMessage":"Unknown database 'airport-backend'","sqlState":"42000"},"parent":{"code":"ER_BAD_DB_ERROR","errno":1049,"sqlMessage":"Unknown database 'airport-backend'","sqlState":"42000"},"stack":"SequelizeConnectionError: Unknown database 'airport-backend'\n    at ConnectionManager.connect (D:\\Projects\\Airport-booking-backend\\node_modules\\sequelize\\lib\\dialects\\mysql\\connection-manager.js:102:17)\n    at process.processTicksAndRejections (node:internal/process/task_queues:95:5)\n    at async ConnectionManager._connect (D:\\Projects\\Airport-booking-backend\\node_modules\\sequelize\\lib\\dialects\\abstract\\connection-manager.js:222:24)\n    at async D:\\Projects\\Airport-booking-backend\\node_modules\\sequelize\\lib\\dialects\\abstract\\connection-manager.js:174:32\n    at async ConnectionManager.getConnection (D:\\Projects\\Airport-booking-backend\\node_modules\\sequelize\\lib\\dialects\\abstract\\connection-manager.js:197:7)\n    at async D:\\Projects\\Airport-booking-backend\\node_modules\\sequelize\\lib\\sequelize.js:305:26\n    at async MySQLQueryInterface.insert (D:\\Projects\\Airport-booking-backend\\node_modules\\sequelize\\lib\\dialects\\abstract\\query-interface.js:308:21)\n    at async User.save (D:\\Projects\\Airport-booking-backend\\node_modules\\sequelize\\lib\\model.js:2490:35)\n    at async User.create (D:\\Projects\\Airport-booking-backend\\node_modules\\sequelize\\lib\\model.js:1362:12)\n    at async UserRepository.create (D:\\Projects\\Airport-booking-backend\\src\\repositories\\crud-repository.js:7:26)","timestamp":"2026-03-28T17:17:32.648Z"}
{"level":"error","message":"error in create User Service Unknown database 'airport-backend'","name":"SequelizeConnectionError","original":{"code":"ER_BAD_DB_ERROR","errno":1049,"sqlMessage":"Unknown database 'airport-backend'","sqlState":"42000"},"parent":{"code":"ER_BAD_DB_ERROR","errno":1049,"sqlMessage":"Unknown database 'airport-backend'","sqlState":"42000"},"stack":"SequelizeConnectionError: Unknown database 'airport-backend'\n    at ConnectionManager.connect (D:\\Projects\\Airport-booking-backend\\node_modules\\sequelize\\lib\\dialects\\mysql\\connection-manager.js:102:17)\n    at process.processTicksAndRejections (node:internal/process/task_queues:95:5)\n    at async ConnectionManager._connect (D:\\Projects\\Airport-booking-backend\\node_modules\\sequelize\\lib\\dialects\\abstract\\connection-manager.js:222:24)\n    at async D:\\Projects\\Airport-booking-backend\\node_modules\\sequelize\\lib\\dialects\\abstract\\connection-manager.js:174:32\n    at async ConnectionManager.getConnection (D:\\Projects\\Airport-booking-backend\\node_modules\\sequelize\\lib\\dialects\\abstract\\connection-manager.js:197:7)\n    at async D:\\Projects\\Airport-booking-backend\\node_modules\\sequelize\\lib\\sequelize.js:305:26\n    at async MySQLQueryInterface.insert (D:\\Projects\\Airport-booking-backend\\node_modules\\sequelize\\lib\\dialects\\abstract\\query-interface.js:308:21)\n    at async User.save (D:\\Projects\\Airport-booking-backend\\node_modules\\sequelize\\lib\\model.js:2490:35)\n    at async User.create (D:\\Projects\\Airport-booking-backend\\node_modules\\sequelize\\lib\\model.js:1362:12)\n    at async UserRepository.create (D:\\Projects\\Airport-booking-backend\\src\\repositories\\crud-repository.js:7:26)","timestamp":"2026-03-28T17:18:13.305Z"}
{"level":"info","message":"Server listening on 8000","timestamp":"2026-03-28T17:18:49.261Z"}
{"level":"info","message":"Server listening on 8000","timestamp":"2026-03-28T17:19:33.613Z"}
{"level":"error","message":"error in create User Service Unknown database 'database_development'","name":"SequelizeConnectionError","original":{"code":"ER_BAD_DB_ERROR","errno":1049,"sqlMessage":"Unknown database 'database_development'","sqlState":"42000"},"parent":{"code":"ER_BAD_DB_ERROR","errno":1049,"sqlMessage":"Unknown database 'database_development'","sqlState":"42000"},"stack":"SequelizeConnectionError: Unknown database 'database_development'\n    at ConnectionManager.connect (D:\\Projects\\Airport-booking-backend\\node_modules\\sequelize\\lib\\dialects\\mysql\\connection-manager.js:102:17)\n    at process.processTicksAndRejections (node:internal/process/task_queues:95:5)\n    at async ConnectionManager._connect (D:\\Projects\\Airport-booking-backend\\node_modules\\sequelize\\lib\\dialects\\abstract\\connection-manager.js:222:24)\n    at async D:\\Projects\\Airport-booking-backend\\node_modules\\sequelize\\lib\\dialects\\abstract\\connection-manager.js:174:32\n    at async ConnectionManager.getConnection (D:\\Projects\\Airport-booking-backend\\node_modules\\sequelize\\lib\\dialects\\abstract\\connection-manager.js:197:7)\n    at async D:\\Projects\\Airport-booking-backend\\node_modules\\sequelize\\lib\\sequelize.js:305:26\n    at async MySQLQueryInterface.insert (D:\\Projects\\Airport-booking-backend\\node_modules\\sequelize\\lib\\dialects\\abstract\\query-interface.js:308:21)\n    at async User.save (D:\\Projects\\Airport-booking-backend\\node_modules\\sequelize\\lib\\model.js:2490:35)\n    at async User.create (D:\\Projects\\Airport-booking-backend\\node_modules\\sequelize\\lib\\model.js:1362:12)\n    at async UserRepository.create (D:\\Projects\\Airport-booking-backend\\src\\repositories\\crud-repository.js:7:26)","timestamp":"2026-03-28T17:19:45.328Z"}
{"level":"info","message":"Server listening on 8000","timestamp":"2026-03-28T17:22:49.180Z"}
{"level":"info","message":"Server listening on 8000","timestamp":"2026-03-28T17:28:54.122Z"}
{"level":"info","message":"Server listening on 8000","timestamp":"2026-03-30T06:53:28.126Z"}
{"level":"info","message":"Server listening on 8000","timestamp":"2026-03-30T07:20:03.435Z"}
{"level":"error","message":"error in create User Service Table 'airport_booking.users' doesn't exist","name":"SequelizeDatabaseError","original":{"code":"ER_NO_SUCH_TABLE","errno":1146,"parameters":["user","2026-03-30 07:25:20","2026-03-30 07:25:20"],"sql":"INSERT INTO `Users` (`id`,`role`,`createdAt`,`updatedAt`) VALUES (DEFAULT,?,?,?);","sqlMessage":"Table 'airport_booking.users' doesn't exist","sqlState":"42S02"},"parameters":["user","2026-03-30 07:25:20","2026-03-30 07:25:20"],"parent":{"code":"ER_NO_SUCH_TABLE","errno":1146,"parameters":["user","2026-03-30 07:25:20","2026-03-30 07:25:20"],"sql":"INSERT INTO `Users` (`id`,`role`,`createdAt`,`updatedAt`) VALUES (DEFAULT,?,?,?);","sqlMessage":"Table 'airport_booking.users' doesn't exist","sqlState":"42S02"},"sql":"INSERT INTO `Users` (`id`,`role`,`createdAt`,`updatedAt`) VALUES (DEFAULT,?,?,?);","stack":"Error\n    at Query.run (D:\\Projects\\Airport-booking-backend\\node_modules\\sequelize\\lib\\dialects\\mysql\\query.js:52:25)\n    at D:\\Projects\\Airport-booking-backend\\node_modules\\sequelize\\lib\\sequelize.js:315:28\n    at process.processTicksAndRejections (node:internal/process/task_queues:95:5)\n    at async MySQLQueryInterface.insert (D:\\Projects\\Airport-booking-backend\\node_modules\\sequelize\\lib\\dialects\\abstract\\query-interface.js:308:21)\n    at async User.save (D:\\Projects\\Airport-booking-backend\\node_modules\\sequelize\\lib\\model.js:2490:35)\n    at async User.create (D:\\Projects\\Airport-booking-backend\\node_modules\\sequelize\\lib\\model.js:1362:12)\n    at async UserRepository.create (D:\\Projects\\Airport-booking-backend\\src\\repositories\\crud-repository.js:7:26)\n    at async Object.createUser (D:\\Projects\\Airport-booking-backend\\src\\services\\user-service.js:8:26)\n    at async createUser (D:\\Projects\\Airport-booking-backend\\src\\controllers\\user-controller.js:6:22)","timestamp":"2026-03-30T07:25:20.302Z"}
{"level":"info","message":"Server listening on 8000","timestamp":"2026-03-30T07:27:44.861Z"}
{"level":"error","message":"error in create User Service Table 'airport_booking.users' doesn't exist","name":"SequelizeDatabaseError","original":{"code":"ER_NO_SUCH_TABLE","errno":1146,"parameters":["user","2026-03-30 07:28:24","2026-03-30 07:28:24"],"sql":"INSERT INTO `Users` (`id`,`role`,`createdAt`,`updatedAt`) VALUES (DEFAULT,?,?,?);","sqlMessage":"Table 'airport_booking.users' doesn't exist","sqlState":"42S02"},"parameters":["user","2026-03-30 07:28:24","2026-03-30 07:28:24"],"parent":{"code":"ER_NO_SUCH_TABLE","errno":1146,"parameters":["user","2026-03-30 07:28:24","2026-03-30 07:28:24"],"sql":"INSERT INTO `Users` (`id`,`role`,`createdAt`,`updatedAt`) VALUES (DEFAULT,?,?,?);","sqlMessage":"Table 'airport_booking.users' doesn't exist","sqlState":"42S02"},"sql":"INSERT INTO `Users` (`id`,`role`,`createdAt`,`updatedAt`) VALUES (DEFAULT,?,?,?);","stack":"Error\n    at Query.run (D:\\Projects\\Airport-booking-backend\\node_modules\\sequelize\\lib\\dialects\\mysql\\query.js:52:25)\n    at D:\\Projects\\Airport-booking-backend\\node_modules\\sequelize\\lib\\sequelize.js:315:28\n    at process.processTicksAndRejections (node:internal/process/task_queues:95:5)\n    at async MySQLQueryInterface.insert (D:\\Projects\\Airport-booking-backend\\node_modules\\sequelize\\lib\\dialects\\abstract\\query-interface.js:308:21)\n    at async User.save (D:\\Projects\\Airport-booking-backend\\node_modules\\sequelize\\lib\\model.js:2490:35)\n    at async User.create (D:\\Projects\\Airport-booking-backend\\node_modules\\sequelize\\lib\\model.js:1362:12)\n    at async UserRepository.create (D:\\Projects\\Airport-booking-backend\\src\\repositories\\crud-repository.js:7:26)\n    at async Object.createUser (D:\\Projects\\Airport-booking-backend\\src\\services\\user-service.js:8:26)\n    at async createUser (D:\\Projects\\Airport-booking-backend\\src\\controllers\\user-controller.js:6:22)","timestamp":"2026-03-30T07:28:24.306Z"}
{"level":"info","message":"Server listening on 8000","timestamp":"2026-03-30T07:31:39.842Z"}
{"level":"info","message":"Server listening on 8000","timestamp":"2026-03-30T07:34:15.492Z"}
{"level":"info","message":"Server listening on 8000","timestamp":"2026-03-30T07:42:07.487Z"}
{"level":"info","message":"Server listening on 8000","timestamp":"2026-03-30T07:42:26.256Z"}
{"level":"info","message":"Server listening on 8000","timestamp":"2026-03-30T07:42:51.210Z"}
{"level":"info","message":"Server listening on 8000","timestamp":"2026-03-30T07:44:10.766Z"}
{"level":"info","message":"Server listening on 8000","timestamp":"2026-03-30T07:44:20.985Z"}
{"level":"info","message":"Server listening on 8000","timestamp":"2026-03-30T07:49:05.033Z"}
{"level":"info","message":"Server listening on 8000","timestamp":"2026-03-30T07:50:45.920Z"}
{"level":"info","message":"Server listening on 8000","timestamp":"2026-03-30T07:53:02.602Z"}
{"level":"info","message":"Server listening on 8000","timestamp":"2026-03-30T08:03:21.267Z"}
{"level":"info","message":"Server listening on 8000","timestamp":"2026-03-30T08:04:06.952Z"}
{"level":"info","message":"Server listening on 8000","timestamp":"2026-03-30T08:06:17.335Z"}
{"_original":{"email":"shikharjoshi89@gmail.com","username":"shikhar1198"},"details":[{"context":{"key":"password","label":"password"},"message":"\"password\" is required","path":["password"],"type":"any.required"}],"level":"error","message":"User Validation error \"password\" is required","stack":"ValidationError: \"password\" is required","timestamp":"2026-03-30T08:09:13.212Z"}
{"level":"info","message":"Server listening on 8000","timestamp":"2026-03-30T08:10:11.505Z"}
{"level":"info","message":"Server listening on 8000","timestamp":"2026-03-30T08:15:55.235Z"}
{"level":"info","message":"Server listening on 8000","timestamp":"2026-03-30T08:16:37.451Z"}
{"level":"info","message":"Server listening on 8000","timestamp":"2026-03-30T08:17:32.406Z"}
{"level":"info","message":"Server listening on 8000","timestamp":"2026-03-30T08:18:37.854Z"}
{"level":"info","message":"Server listening on 8000","timestamp":"2026-03-30T08:27:48.208Z"}
{"level":"info","message":"Server listening on 8000","timestamp":"2026-03-30T08:27:53.607Z"}
{"errors":[{"instance":{"createdAt":"2026-03-30T08:29:24.761Z","email":"shikharjoshi89@gmail.com","id":null,"password":"$2b$10$yx2V7x2RlcAf/KuTU1xLyOPUVQ1txTnoJQQ.tmViRfr0Jbili47UW","role":"user","updatedAt":"2026-03-30T08:29:24.761Z","username":"John"},"message":"email must be unique","origin":"DB","path":"email","type":"unique violation","validatorArgs":[],"validatorKey":"not_unique","validatorName":null,"value":"shikharjoshi89@gmail.com"}],"fields":{"email":"shikharjoshi89@gmail.com"},"level":"error","message":"error in create User Service Validation error","name":"SequelizeUniqueConstraintError","original":{"code":"ER_DUP_ENTRY","errno":1062,"parameters":["John","shikharjoshi89@gmail.com","$2b$10$yx2V7x2RlcAf/KuTU1xLyOPUVQ1txTnoJQQ.tmViRfr0Jbili47UW","user","2026-03-30 08:29:24","2026-03-30 08:29:24"],"sql":"INSERT INTO `Users` (`id`,`username`,`email`,`password`,`role`,`createdAt`,`updatedAt`) VALUES (DEFAULT,?,?,?,?,?,?);","sqlMessage":"Duplicate entry 'shikharjoshi89@gmail.com' for key 'users.email'","sqlState":"23000"},"parent":{"code":"ER_DUP_ENTRY","errno":1062,"parameters":["John","shikharjoshi89@gmail.com","$2b$10$yx2V7x2RlcAf/KuTU1xLyOPUVQ1txTnoJQQ.tmViRfr0Jbili47UW","user","2026-03-30 08:29:24","2026-03-30 08:29:24"],"sql":"INSERT INTO `Users` (`id`,`username`,`email`,`password`,`role`,`createdAt`,`updatedAt`) VALUES (DEFAULT,?,?,?,?,?,?);","sqlMessage":"Duplicate entry 'shikharjoshi89@gmail.com' for key 'users.email'","sqlState":"23000"},"sql":"INSERT INTO `Users` (`id`,`username`,`email`,`password`,`role`,`createdAt`,`updatedAt`) VALUES (DEFAULT,?,?,?,?,?,?);","stack":"Error\n    at Query.run (D:\\Projects\\Airport-booking-backend\\node_modules\\sequelize\\lib\\dialects\\mysql\\query.js:52:25)\n    at D:\\Projects\\Airport-booking-backend\\node_modules\\sequelize\\lib\\sequelize.js:315:28\n    at process.processTicksAndRejections (node:internal/process/task_queues:95:5)\n    at async MySQLQueryInterface.insert (D:\\Projects\\Airport-booking-backend\\node_modules\\sequelize\\lib\\dialects\\abstract\\query-interface.js:308:21)\n    at async User.save (D:\\Projects\\Airport-booking-backend\\node_modules\\sequelize\\lib\\model.js:2490:35)\n    at async User.create (D:\\Projects\\Airport-booking-backend\\node_modules\\sequelize\\lib\\model.js:1362:12)\n    at async UserRepository.create (D:\\Projects\\Airport-booking-backend\\src\\repositories\\crud-repository.js:7:26)\n    at async Object.createUser (D:\\Projects\\Airport-booking-backend\\src\\services\\user-service.js:8:26)\n    at async createUser (D:\\Projects\\Airport-booking-backend\\src\\controllers\\user-controller.js:6:22)","timestamp":"2026-03-30T08:29:24.968Z"}
{"level":"info","message":"Server listening on 8000","timestamp":"2026-03-30T08:30:09.272Z"}
{"level":"info","message":"Server listening on 8000","timestamp":"2026-03-30T08:37:30.078Z"}
{"level":"info","message":"Server listening on 8000","timestamp":"2026-03-30T08:37:52.146Z"}
{"level":"info","message":"Server listening on 8000","timestamp":"2026-03-30T08:42:57.277Z"}
{"level":"info","message":"Server listening on 8000","timestamp":"2026-03-30T08:45:24.005Z"}
{"level":"info","message":"Server listening on 8000","timestamp":"2026-03-30T08:45:29.875Z"}
{"level":"info","message":"Server listening on 8000","timestamp":"2026-03-30T08:45:47.445Z"}
{"level":"info","message":"Server listening on 8000","timestamp":"2026-03-30T08:48:19.238Z"}
{"level":"info","message":"Server listening on 8000","timestamp":"2026-03-30T08:49:15.753Z"}
{"level":"info","message":"Server listening on 8000","timestamp":"2026-03-30T08:50:26.817Z"}
{"level":"info","message":"Server listening on 8000","timestamp":"2026-03-30T08:54:05.100Z"}
{"level":"error","message":"Error: This user already exists\n    at Object.createUser (D:\\Projects\\Airport-booking-backend\\src\\services\\user-service.js:15:19)\n    at process.processTicksAndRejections (node:internal/process/task_queues:95:5)\n    at async createUser (D:\\Projects\\Airport-booking-backend\\src\\controllers\\user-controller.js:6:22)","timestamp":"2026-03-30T08:54:10.516Z"}
{"level":"info","message":"Server listening on 8000","timestamp":"2026-03-30T08:58:13.471Z"}
{"level":"info","message":"Server listening on 8000","timestamp":"2026-03-30T08:58:23.048Z"}
{"level":"info","message":"Server listening on 8000","timestamp":"2026-03-30T09:01:31.893Z"}
{"level":"info","message":"Server listening on 8000","timestamp":"2026-03-30T09:30:42.834Z"}
{"level":"info","message":"Server listening on 8000","timestamp":"2026-03-30T09:30:44.882Z"}
{"level":"info","message":"Server listening on 8000","timestamp":"2026-03-30T09:31:44.073Z"}
{"level":"info","message":"Server listening on 8000","timestamp":"2026-03-30T09:32:18.595Z"}
{"level":"info","message":"Server listening on 8000","timestamp":"2026-03-30T09:32:52.907Z"}
{"level":"info","message":"Server listening on 8000","timestamp":"2026-03-30T09:33:00.571Z"}
{"level":"info","message":"Server listening on 8000","timestamp":"2026-03-30T09:34:59.832Z"}
{"level":"info","message":"Server listening on 8000","timestamp":"2026-03-30T09:37:42.269Z"}
{"level":"info","message":"Server listening on 8000","timestamp":"2026-03-30T09:38:30.512Z"}
{"level":"info","message":"Server listening on 8000","timestamp":"2026-03-30T09:38:49.597Z"}
{"level":"info","message":"Server listening on 8000","timestamp":"2026-03-30T09:39:07.132Z"}
{"level":"info","message":"Server listening on 8000","timestamp":"2026-03-30T09:40:42.943Z"}
{"level":"info","message":"Server listening on 8000","timestamp":"2026-03-30T09:40:47.102Z"}
{"level":"info","message":"Server listening on 8000","timestamp":"2026-03-30T09:42:53.825Z"}
{"level":"info","message":"Server listening on 8000","timestamp":"2026-03-30T09:45:43.380Z"}
{"level":"info","message":"Server listening on 8000","timestamp":"2026-03-30T09:47:40.718Z"}
{"level":"info","message":"Server listening on 8000","timestamp":"2026-03-30T09:49:21.174Z"}
{"level":"info","message":"Server listening on 8000","timestamp":"2026-03-30T09:49:36.568Z"}
{"level":"info","message":"Server listening on 8000","timestamp":"2026-03-30T09:50:22.659Z"}
{"level":"info","message":"Server listening on 8000","timestamp":"2026-03-30T09:50:44.018Z"}
{"level":"info","message":"Server listening on 8000","timestamp":"2026-03-30T09:51:00.025Z"}
{"level":"info","message":"Server listening on 8000","timestamp":"2026-03-30T09:51:03.648Z"}
{"level":"info","message":"Server listening on 8000","timestamp":"2026-03-30T09:54:16.154Z"}
{"level":"info","message":"Server listening on 8000","timestamp":"2026-03-30T09:55:52.833Z"}
{"level":"info","message":"Server listening on 8000","timestamp":"2026-03-30T09:56:32.434Z"}
{"level":"info","message":"Server listening on 8000","timestamp":"2026-03-30T09:59:09.916Z"}
{"level":"info","message":"Server listening on 8000","timestamp":"2026-03-30T09:59:28.267Z"}
{"level":"info","message":"Server listening on 8000","timestamp":"2026-03-30T10:00:12.143Z"}
{"level":"info","message":"Server listening on 8000","timestamp":"2026-03-30T10:01:26.749Z"}
{"level":"info","message":"Server listening on 8000","timestamp":"2026-03-30T10:01:37.933Z"}
{"level":"info","message":"Server listening on 8000","timestamp":"2026-03-30T10:01:40.206Z"}
{"level":"info","message":"Server listening on 8000","timestamp":"2026-03-30T10:02:04.487Z"}
{"level":"info","message":"Server listening on 8000","timestamp":"2026-03-30T10:03:37.807Z"}
{"level":"info","message":"Server listening on 8000","timestamp":"2026-03-30T10:04:28.305Z"}
{"level":"info","message":"Server listening on 8000","timestamp":"2026-03-30T10:04:34.975Z"}
{"level":"info","message":"Server listening on 8000","timestamp":"2026-03-30T10:05:33.498Z"}
{"level":"info","message":"Server listening on 8000","timestamp":"2026-03-30T10:06:27.515Z"}
{"level":"info","message":"Server listening on 8000","timestamp":"2026-03-30T10:06:37.640Z"}
{"level":"info","message":"Server listening on 8000","timestamp":"2026-03-30T10:06:39.034Z"}
{"level":"info","message":"Server listening on 8000","timestamp":"2026-03-30T10:06:55.487Z"}
{"level":"info","message":"Server listening on 8000","timestamp":"2026-03-30T11:19:43.872Z"}
{"level":"info","message":"Server listening on 8000","timestamp":"2026-03-30T11:25:49.555Z"}
{"level":"info","message":"Server listening on 8000","timestamp":"2026-03-30T11:27:12.444Z"}
{"level":"info","message":"Server listening on 8000","timestamp":"2026-03-30T11:30:51.982Z"}
{"level":"info","message":"Server listening on 8000","timestamp":"2026-03-30T11:31:20.892Z"}
{"level":"info","message":"Server listening on 8000","timestamp":"2026-03-30T11:32:03.721Z"}
{"level":"info","message":"Server listening on 8000","timestamp":"2026-03-30T11:33:51.059Z"}
{"level":"info","message":"Server listening on 8000","timestamp":"2026-03-30T11:33:56.697Z"}
{"level":"info","message":"Server listening on 8000","timestamp":"2026-03-30T11:34:10.060Z"}
{"level":"info","message":"Server listening on 8000","timestamp":"2026-03-30T11:34:22.816Z"}
{"level":"info","message":"Server listening on 8000","timestamp":"2026-03-30T12:16:39.927Z"}
{"level":"info","message":"Server listening on 8000","timestamp":"2026-03-30T12:17:12.305Z"}
{"level":"info","message":"Server listening on 8000","timestamp":"2026-03-30T12:18:06.867Z"}
{"level":"info","message":"Server listening on 8000","timestamp":"2026-03-30T12:18:41.175Z"}
{"level":"info","message":"Server listening on 8000","timestamp":"2026-03-30T12:20:17.189Z"}
{"level":"info","message":"Server listening on 8000","timestamp":"2026-03-30T12:20:50.393Z"}
{"level":"info","message":"Server listening on 8000","timestamp":"2026-03-30T12:23:46.378Z"}
{"level":"info","message":"Server listening on 8000","timestamp":"2026-03-30T12:24:35.520Z"}
{"level":"info","message":"Server listening on 8000","timestamp":"2026-03-30T12:25:09.540Z"}
{"level":"info","message":"Server listening on 8000","timestamp":"2026-03-30T12:27:31.727Z"}
{"level":"info","message":"Server listening on 8000","timestamp":"2026-03-30T12:28:38.737Z"}
{"level":"info","message":"Server listening on 8000","timestamp":"2026-03-30T12:36:55.995Z"}
{"level":"info","message":"Server listening on 8000","timestamp":"2026-03-30T12:42:28.634Z"}
{"level":"info","message":"Server listening on 8000","timestamp":"2026-03-30T12:45:00.690Z"}
{"level":"info","message":"Server listening on 8000","timestamp":"2026-03-30T12:49:30.732Z"}
{"level":"info","message":"Server listening on 8000","timestamp":"2026-03-30T12:49:40.291Z"}
{"level":"info","message":"Server listening on 8000","timestamp":"2026-03-30T12:58:58.538Z"}
{"level":"info","message":"Server listening on 8000","timestamp":"2026-03-30T13:04:15.337Z"}
{"level":"info","message":"Server listening on 8000","timestamp":"2026-03-30T13:05:14.357Z"}
{"level":"info","message":"Server listening on 8000","timestamp":"2026-03-30T13:05:25.900Z"}
{"level":"info","message":"Server listening on 8000","timestamp":"2026-03-30T13:05:34.378Z"}
{"level":"info","message":"Server listening on 8000","timestamp":"2026-03-30T13:06:36.447Z"}
{"level":"info","message":"Server listening on 8000","timestamp":"2026-03-30T13:06:49.197Z"}
{"level":"info","message":"Server listening on 8000","timestamp":"2026-03-30T13:07:03.991Z"}
{"level":"info","message":"Server listening on 8000","timestamp":"2026-03-30T13:07:11.510Z"}
{"level":"info","message":"Server listening on 8000","timestamp":"2026-03-30T13:08:12.412Z"}
{"level":"info","message":"Server listening on 8000","timestamp":"2026-03-30T15:05:34.551Z"}
{"level":"info","message":"Server listening on 8000","timestamp":"2026-03-30T15:17:38.303Z"}
{"_original":{"email":""},"details":[{"context":{"key":"email","label":"email","value":""},"message":"\"email\" is not allowed to be empty","path":["email"],"type":"string.empty"}],"level":"error","message":"Login Validation error \"email\" is not allowed to be empty","stack":"ValidationError: \"email\" is not allowed to be empty","timestamp":"2026-03-30T15:18:22.107Z"}
{"level":"error","message":"error in login User Service User.checkPassword is not a function","stack":"TypeError: User.checkPassword is not a function\n    at UserRepository.comparePassword (D:\\Projects\\Airport-booking-backend\\src\\repositories\\user-repository.js:17:37)\n    at Object.loginUser (D:\\Projects\\Airport-booking-backend\\src\\services\\user-service.js:28:49)\n    at process.processTicksAndRejections (node:internal/process/task_queues:95:5)\n    at async loginUser (D:\\Projects\\Airport-booking-backend\\src\\controllers\\user-controller.js:18:33)","timestamp":"2026-03-30T15:20:08.646Z"}
{"level":"error","message":"ReferenceError: next is not defined\n    at loginUser (D:\\Projects\\Airport-booking-backend\\src\\controllers\\user-controller.js:28:9)\n    at process.processTicksAndRejections (node:internal/process/task_queues:95:5)","timestamp":"2026-03-30T15:20:08.647Z"}
{"level":"info","message":"Server listening on 8000","timestamp":"2026-03-30T15:20:27.940Z"}
{"level":"error","message":"error in login User Service User.checkPassword is not a function","stack":"TypeError: User.checkPassword is not a function\n    at UserRepository.comparePassword (D:\\Projects\\Airport-booking-backend\\src\\repositories\\user-repository.js:17:37)\n    at Object.loginUser (D:\\Projects\\Airport-booking-backend\\src\\services\\user-service.js:28:49)\n    at process.processTicksAndRejections (node:internal/process/task_queues:95:5)\n    at async loginUser (D:\\Projects\\Airport-booking-backend\\src\\controllers\\user-controller.js:18:33)","timestamp":"2026-03-30T15:20:34.104Z"}
{"level":"error","message":"ReferenceError: err is not defined\n    at loginUser (D:\\Projects\\Airport-booking-backend\\src\\controllers\\user-controller.js:28:14)\n    at process.processTicksAndRejections (node:internal/process/task_queues:95:5)","timestamp":"2026-03-30T15:20:34.106Z"}
{"level":"info","message":"Server listening on 8000","timestamp":"2026-03-30T15:20:39.687Z"}
{"level":"error","message":"error in login User Service User.checkPassword is not a function","stack":"TypeError: User.checkPassword is not a function\n    at UserRepository.comparePassword (D:\\Projects\\Airport-booking-backend\\src\\repositories\\user-repository.js:17:37)\n    at Object.loginUser (D:\\Projects\\Airport-booking-backend\\src\\services\\user-service.js:28:49)\n    at process.processTicksAndRejections (node:internal/process/task_queues:95:5)\n    at async loginUser (D:\\Projects\\Airport-booking-backend\\src\\controllers\\user-controller.js:18:33)","timestamp":"2026-03-30T15:20:42.477Z"}
{"level":"error","message":"TypeError: User.checkPassword is not a function\n    at UserRepository.comparePassword (D:\\Projects\\Airport-booking-backend\\src\\repositories\\user-repository.js:17:37)\n    at Object.loginUser (D:\\Projects\\Airport-booking-backend\\src\\services\\user-service.js:28:49)\n    at process.processTicksAndRejections (node:internal/process/task_queues:95:5)\n    at async loginUser (D:\\Projects\\Airport-booking-backend\\src\\controllers\\user-controller.js:18:33)","timestamp":"2026-03-30T15:20:42.478Z"}
{"level":"info","message":"Server listening on 8000","timestamp":"2026-03-30T15:25:37.692Z"}
{"level":"info","message":"Server listening on 8000","timestamp":"2026-03-30T15:26:45.802Z"}
{"level":"info","message":"Server listening on 8000","timestamp":"2026-03-30T15:28:55.401Z"}
{"level":"error","message":"error in login User Service Illegal arguments: string, undefined","stack":"Error: Illegal arguments: string, undefined\n    at _async (D:\\Projects\\Airport-booking-backend\\node_modules\\bcryptjs\\umd\\index.js:305:15)\n    at D:\\Projects\\Airport-booking-backend\\node_modules\\bcryptjs\\umd\\index.js:335:11\n    at new Promise (<anonymous>)\n    at Object.compare (D:\\Projects\\Airport-booking-backend\\node_modules\\bcryptjs\\umd\\index.js:334:16)\n    at User.checkPassword (D:\\Projects\\Airport-booking-backend\\src\\models\\user.js:17:27)\n    at Object.loginUser (D:\\Projects\\Airport-booking-backend\\src\\services\\user-service.js:28:39)\n    at process.processTicksAndRejections (node:internal/process/task_queues:95:5)\n    at async loginUser (D:\\Projects\\Airport-booking-backend\\src\\controllers\\user-controller.js:18:33)","timestamp":"2026-03-30T15:29:00.296Z"}
{"level":"error","message":"Error: Illegal arguments: string, undefined\n    at _async (D:\\Projects\\Airport-booking-backend\\node_modules\\bcryptjs\\umd\\index.js:305:15)\n    at D:\\Projects\\Airport-booking-backend\\node_modules\\bcryptjs\\umd\\index.js:335:11\n    at new Promise (<anonymous>)\n    at Object.compare (D:\\Projects\\Airport-booking-backend\\node_modules\\bcryptjs\\umd\\index.js:334:16)\n    at User.checkPassword (D:\\Projects\\Airport-booking-backend\\src\\models\\user.js:17:27)\n    at Object.loginUser (D:\\Projects\\Airport-booking-backend\\src\\services\\user-service.js:28:39)\n    at process.processTicksAndRejections (node:internal/process/task_queues:95:5)\n    at async loginUser (D:\\Projects\\Airport-booking-backend\\src\\controllers\\user-controller.js:18:33)","timestamp":"2026-03-30T15:29:00.298Z"}
{"level":"info","message":"Server listening on 8000","timestamp":"2026-03-30T15:29:47.418Z"}
{"level":"error","message":"error in login User Service Illegal arguments: string, undefined","stack":"Error: Illegal arguments: string, undefined\n    at _async (D:\\Projects\\Airport-booking-backend\\node_modules\\bcryptjs\\umd\\index.js:305:15)\n    at D:\\Projects\\Airport-booking-backend\\node_modules\\bcryptjs\\umd\\index.js:335:11\n    at new Promise (<anonymous>)\n    at Object.compare (D:\\Projects\\Airport-booking-backend\\node_modules\\bcryptjs\\umd\\index.js:334:16)\n    at User.checkPassword (D:\\Projects\\Airport-booking-backend\\src\\models\\user.js:17:27)\n    at Object.loginUser (D:\\Projects\\Airport-booking-backend\\src\\services\\user-service.js:29:39)\n    at process.processTicksAndRejections (node:internal/process/task_queues:95:5)\n    at async loginUser (D:\\Projects\\Airport-booking-backend\\src\\controllers\\user-controller.js:18:33)","timestamp":"2026-03-30T15:29:50.330Z"}
{"level":"error","message":"Error: Illegal arguments: string, undefined\n    at _async (D:\\Projects\\Airport-booking-backend\\node_modules\\bcryptjs\\umd\\index.js:305:15)\n    at D:\\Projects\\Airport-booking-backend\\node_modules\\bcryptjs\\umd\\index.js:335:11\n    at new Promise (<anonymous>)\n    at Object.compare (D:\\Projects\\Airport-booking-backend\\node_modules\\bcryptjs\\umd\\index.js:334:16)\n    at User.checkPassword (D:\\Projects\\Airport-booking-backend\\src\\models\\user.js:17:27)\n    at Object.loginUser (D:\\Projects\\Airport-booking-backend\\src\\services\\user-service.js:29:39)\n    at process.processTicksAndRejections (node:internal/process/task_queues:95:5)\n    at async loginUser (D:\\Projects\\Airport-booking-backend\\src\\controllers\\user-controller.js:18:33)","timestamp":"2026-03-30T15:29:50.332Z"}
{"level":"info","message":"Server listening on 8000","timestamp":"2026-03-30T15:30:31.880Z"}
{"level":"info","message":"Server listening on 8000","timestamp":"2026-03-30T15:30:58.828Z"}
{"level":"info","message":"Server listening on 8000","timestamp":"2026-03-30T15:33:41.528Z"}
{"level":"error","message":"error in login User Service Invalid Credentials","stack":"Error: Invalid Credentials\n    at Object.loginUser (D:\\Projects\\Airport-booking-backend\\src\\services\\user-service.js:31:19)\n    at async loginUser (D:\\Projects\\Airport-booking-backend\\src\\controllers\\user-controller.js:18:33)","statusCode":401,"timestamp":"2026-03-30T15:33:51.637Z"}
{"level":"error","message":"Error: Invalid Credentials\n    at Object.loginUser (D:\\Projects\\Airport-booking-backend\\src\\services\\user-service.js:31:19)\n    at async loginUser (D:\\Projects\\Airport-booking-backend\\src\\controllers\\user-controller.js:18:33)","timestamp":"2026-03-30T15:33:51.640Z"}
{"level":"info","message":"Server listening on 8000","timestamp":"2026-03-30T15:41:51.180Z"}
{"level":"info","message":"Server listening on 8000","timestamp":"2026-03-30T15:42:15.783Z"}
{"level":"info","message":"Server listening on 8000","timestamp":"2026-03-30T15:42:49.108Z"}
{"level":"info","message":"Server listening on 8000","timestamp":"2026-03-30T15:43:12.030Z"}
{"level":"info","message":"Server listening on 8000","timestamp":"2026-03-30T15:44:40.528Z"}
{"level":"info","message":"Server listening on 8000","timestamp":"2026-03-30T15:44:49.058Z"}
{"level":"info","message":"Server listening on 8000","timestamp":"2026-03-30T15:45:04.711Z"}
{"level":"info","message":"Server listening on 8000","timestamp":"2026-03-30T15:46:05.313Z"}
{"level":"info","message":"Server listening on 8000","timestamp":"2026-03-30T15:47:14.501Z"}
{"level":"info","message":"Server listening on 8000","timestamp":"2026-03-30T16:02:08.011Z"}
